c:\users\mark\documents\homework\cse165\final project\visualc15\obj\glutapp_debug\vc141.pdb
c:\users\mark\documents\homework\cse165\final project\visualc15\obj\glutapp_debug\vc141.idb
c:\users\mark\documents\homework\cse165\final project\visualc15\obj\glutapp_debug\timer.obj
c:\users\mark\documents\homework\cse165\final project\visualc15\obj\glutapp_debug\texrect.obj
c:\users\mark\documents\homework\cse165\final project\visualc15\obj\glutapp_debug\rect.obj
c:\users\mark\documents\homework\cse165\final project\visualc15\obj\glutapp_debug\glutapp.obj
c:\users\mark\documents\homework\cse165\final project\visualc15\obj\glutapp_debug\app_main.obj
c:\users\mark\documents\homework\cse165\final project\visualc15\obj\glutapp_debug\app.obj
c:\users\mark\documents\homework\cse165\final project\visualc15\obj\glutapp_debug\animatedrect.obj
c:\users\mark\documents\homework\cse165\final project\visualc15\obj\glutapp_debug\stb_image_aug.obj
c:\users\mark\documents\homework\cse165\final project\visualc15\obj\glutapp_debug\soil.obj
c:\users\mark\documents\homework\cse165\final project\visualc15\obj\glutapp_debug\image_helper.obj
c:\users\mark\documents\homework\cse165\final project\visualc15\obj\glutapp_debug\image_dxt.obj
c:\users\mark\documents\homework\cse165\final project\visualc15\obj\glutapp_debug\glutapp.pdb
c:\users\mark\documents\homework\cse165\final project\visualc15\obj\glutapp_debug\glutapp.tlog\cl.command.1.tlog
c:\users\mark\documents\homework\cse165\final project\visualc15\obj\glutapp_debug\glutapp.tlog\cl.read.1.tlog
c:\users\mark\documents\homework\cse165\final project\visualc15\obj\glutapp_debug\glutapp.tlog\cl.write.1.tlog
c:\users\mark\documents\homework\cse165\final project\visualc15\obj\glutapp_debug\glutapp.tlog\link-cvtres.read.1.tlog
c:\users\mark\documents\homework\cse165\final project\visualc15\obj\glutapp_debug\glutapp.tlog\link-cvtres.write.1.tlog
c:\users\mark\documents\homework\cse165\final project\visualc15\obj\glutapp_debug\glutapp.tlog\link-rc.read.1.tlog
c:\users\mark\documents\homework\cse165\final project\visualc15\obj\glutapp_debug\glutapp.tlog\link-rc.write.1.tlog
c:\users\mark\documents\homework\cse165\final project\visualc15\obj\glutapp_debug\glutapp.tlog\link.command.1.tlog
c:\users\mark\documents\homework\cse165\final project\visualc15\obj\glutapp_debug\glutapp.tlog\link.read.1.tlog
c:\users\mark\documents\homework\cse165\final project\visualc15\obj\glutapp_debug\glutapp.tlog\link.write.1.tlog
