  App.cpp
c:\users\mark\documents\homework\cse165\final project\game.h(17): warning C4305: 'initializing': truncation from 'double' to 'float'
c:\users\mark\documents\homework\cse165\final project\game.h(18): warning C4305: 'initializing': truncation from 'double' to 'float'
c:\users\mark\documents\homework\cse165\final project\game.h(19): warning C4244: 'initializing': conversion from 'double' to 'float', possible loss of data
c:\users\mark\documents\homework\cse165\final project\game.h(22): warning C4305: 'initializing': truncation from 'double' to 'float'
c:\users\mark\documents\homework\cse165\final project\game.h(27): warning C4305: 'initializing': truncation from 'double' to 'float'
c:\users\mark\documents\homework\cse165\final project\game.h(30): warning C4305: 'initializing': truncation from 'double' to 'float'
c:\users\mark\documents\homework\cse165\final project\game.h(31): warning C4305: 'initializing': truncation from 'double' to 'float'
c:\users\mark\documents\homework\cse165\final project\game.h(32): warning C4305: 'initializing': truncation from 'double' to 'float'
c:\users\mark\documents\homework\cse165\final project\game.h(33): warning C4305: 'initializing': truncation from 'double' to 'float'
c:\users\mark\documents\homework\cse165\final project\game.h(34): warning C4305: 'initializing': truncation from 'double' to 'float'
c:\users\mark\documents\homework\cse165\final project\game.h(35): warning C4305: 'initializing': truncation from 'double' to 'float'
c:\users\mark\documents\homework\cse165\final project\game.h(36): warning C4305: 'initializing': truncation from 'double' to 'float'
c:\users\mark\documents\homework\cse165\final project\game.h(37): warning C4305: 'initializing': truncation from 'double' to 'float'
c:\users\mark\documents\homework\cse165\final project\game.h(38): warning C4305: 'initializing': truncation from 'double' to 'float'
c:\users\mark\documents\homework\cse165\final project\game.h(40): warning C4305: 'initializing': truncation from 'double' to 'float'
c:\users\mark\documents\homework\cse165\final project\game.h(58): warning C4305: 'initializing': truncation from 'double' to 'float'
c:\users\mark\documents\homework\cse165\final project\game.h(59): warning C4305: 'initializing': truncation from 'double' to 'float'
c:\users\mark\documents\homework\cse165\final project\game.h(61): warning C4305: 'initializing': truncation from 'double' to 'float'
  Game.cpp
c:\users\mark\documents\homework\cse165\final project\game.h(17): warning C4305: 'initializing': truncation from 'double' to 'float'
c:\users\mark\documents\homework\cse165\final project\game.h(18): warning C4305: 'initializing': truncation from 'double' to 'float'
c:\users\mark\documents\homework\cse165\final project\game.h(19): warning C4244: 'initializing': conversion from 'double' to 'float', possible loss of data
c:\users\mark\documents\homework\cse165\final project\game.h(22): warning C4305: 'initializing': truncation from 'double' to 'float'
c:\users\mark\documents\homework\cse165\final project\game.h(27): warning C4305: 'initializing': truncation from 'double' to 'float'
c:\users\mark\documents\homework\cse165\final project\game.h(30): warning C4305: 'initializing': truncation from 'double' to 'float'
c:\users\mark\documents\homework\cse165\final project\game.h(31): warning C4305: 'initializing': truncation from 'double' to 'float'
c:\users\mark\documents\homework\cse165\final project\game.h(32): warning C4305: 'initializing': truncation from 'double' to 'float'
c:\users\mark\documents\homework\cse165\final project\game.h(33): warning C4305: 'initializing': truncation from 'double' to 'float'
c:\users\mark\documents\homework\cse165\final project\game.h(34): warning C4305: 'initializing': truncation from 'double' to 'float'
c:\users\mark\documents\homework\cse165\final project\game.h(35): warning C4305: 'initializing': truncation from 'double' to 'float'
c:\users\mark\documents\homework\cse165\final project\game.h(36): warning C4305: 'initializing': truncation from 'double' to 'float'
c:\users\mark\documents\homework\cse165\final project\game.h(37): warning C4305: 'initializing': truncation from 'double' to 'float'
c:\users\mark\documents\homework\cse165\final project\game.h(38): warning C4305: 'initializing': truncation from 'double' to 'float'
c:\users\mark\documents\homework\cse165\final project\game.h(40): warning C4305: 'initializing': truncation from 'double' to 'float'
c:\users\mark\documents\homework\cse165\final project\game.h(58): warning C4305: 'initializing': truncation from 'double' to 'float'
c:\users\mark\documents\homework\cse165\final project\game.h(59): warning C4305: 'initializing': truncation from 'double' to 'float'
c:\users\mark\documents\homework\cse165\final project\game.h(61): warning C4305: 'initializing': truncation from 'double' to 'float'
c:\users\mark\documents\homework\cse165\final project\game.cpp(31): warning C4305: 'argument': truncation from 'double' to 'float'
c:\users\mark\documents\homework\cse165\final project\game.cpp(32): warning C4305: 'argument': truncation from 'double' to 'float'
c:\users\mark\documents\homework\cse165\final project\game.cpp(33): warning C4305: 'argument': truncation from 'double' to 'float'
c:\users\mark\documents\homework\cse165\final project\game.cpp(34): warning C4305: 'argument': truncation from 'double' to 'float'
c:\users\mark\documents\homework\cse165\final project\game.cpp(35): warning C4305: 'argument': truncation from 'double' to 'float'
c:\users\mark\documents\homework\cse165\final project\game.cpp(36): warning C4305: 'argument': truncation from 'double' to 'float'
c:\users\mark\documents\homework\cse165\final project\game.cpp(38): warning C4305: 'argument': truncation from 'double' to 'float'
c:\users\mark\documents\homework\cse165\final project\game.cpp(39): warning C4305: 'argument': truncation from 'double' to 'float'
c:\users\mark\documents\homework\cse165\final project\game.cpp(40): warning C4305: 'argument': truncation from 'double' to 'float'
c:\users\mark\documents\homework\cse165\final project\game.cpp(41): warning C4305: 'argument': truncation from 'double' to 'float'
c:\users\mark\documents\homework\cse165\final project\game.cpp(42): warning C4305: 'argument': truncation from 'double' to 'float'
c:\users\mark\documents\homework\cse165\final project\game.cpp(43): warning C4305: 'argument': truncation from 'double' to 'float'
c:\users\mark\documents\homework\cse165\final project\game.cpp(44): warning C4305: 'argument': truncation from 'double' to 'float'
c:\users\mark\documents\homework\cse165\final project\game.cpp(45): warning C4305: 'argument': truncation from 'double' to 'float'
c:\users\mark\documents\homework\cse165\final project\game.cpp(46): warning C4305: 'argument': truncation from 'double' to 'float'
c:\users\mark\documents\homework\cse165\final project\game.cpp(485): warning C4244: 'initializing': conversion from 'double' to 'float', possible loss of data
c:\users\mark\documents\homework\cse165\final project\game.cpp(545): warning C4305: 'argument': truncation from 'double' to 'float'
c:\users\mark\documents\homework\cse165\final project\game.cpp(546): warning C4305: 'argument': truncation from 'double' to 'float'
c:\users\mark\documents\homework\cse165\final project\game.cpp(547): warning C4305: 'argument': truncation from 'double' to 'float'
c:\users\mark\documents\homework\cse165\final project\game.cpp(548): warning C4305: 'argument': truncation from 'double' to 'float'
c:\users\mark\documents\homework\cse165\final project\game.cpp(635): warning C4305: '+=': truncation from 'double' to 'float'
c:\users\mark\documents\homework\cse165\final project\game.cpp(640): warning C4305: '-=': truncation from 'double' to 'float'
  app_main.cpp
c:\users\mark\documents\homework\cse165\final project\game.h(17): warning C4305: 'initializing': truncation from 'double' to 'float'
c:\users\mark\documents\homework\cse165\final project\game.h(18): warning C4305: 'initializing': truncation from 'double' to 'float'
c:\users\mark\documents\homework\cse165\final project\game.h(19): warning C4244: 'initializing': conversion from 'double' to 'float', possible loss of data
c:\users\mark\documents\homework\cse165\final project\game.h(22): warning C4305: 'initializing': truncation from 'double' to 'float'
c:\users\mark\documents\homework\cse165\final project\game.h(27): warning C4305: 'initializing': truncation from 'double' to 'float'
c:\users\mark\documents\homework\cse165\final project\game.h(30): warning C4305: 'initializing': truncation from 'double' to 'float'
c:\users\mark\documents\homework\cse165\final project\game.h(31): warning C4305: 'initializing': truncation from 'double' to 'float'
c:\users\mark\documents\homework\cse165\final project\game.h(32): warning C4305: 'initializing': truncation from 'double' to 'float'
c:\users\mark\documents\homework\cse165\final project\game.h(33): warning C4305: 'initializing': truncation from 'double' to 'float'
c:\users\mark\documents\homework\cse165\final project\game.h(34): warning C4305: 'initializing': truncation from 'double' to 'float'
c:\users\mark\documents\homework\cse165\final project\game.h(35): warning C4305: 'initializing': truncation from 'double' to 'float'
c:\users\mark\documents\homework\cse165\final project\game.h(36): warning C4305: 'initializing': truncation from 'double' to 'float'
c:\users\mark\documents\homework\cse165\final project\game.h(37): warning C4305: 'initializing': truncation from 'double' to 'float'
c:\users\mark\documents\homework\cse165\final project\game.h(38): warning C4305: 'initializing': truncation from 'double' to 'float'
c:\users\mark\documents\homework\cse165\final project\game.h(40): warning C4305: 'initializing': truncation from 'double' to 'float'
c:\users\mark\documents\homework\cse165\final project\game.h(58): warning C4305: 'initializing': truncation from 'double' to 'float'
c:\users\mark\documents\homework\cse165\final project\game.h(59): warning C4305: 'initializing': truncation from 'double' to 'float'
c:\users\mark\documents\homework\cse165\final project\game.h(61): warning C4305: 'initializing': truncation from 'double' to 'float'
  Generating Code...
  glutapp.vcxproj -> C:\Users\Mark\Documents\Homework\CSE165\Final Project\visualc15\obj\glutapp_Debug\glutapp.exe
  glutapp.vcxproj -> obj\glutapp_Debug\glutapp.pdb (Full PDB)
